# JRE version: Java(TM) SE Runtime Environment (8.0_131-b11) (build 1.8.0_131-b11)
# Java VM: Java HotSpot(TM) 64-Bit Server VM (25.131-b11 mixed mode windows-amd64 compressed oops)
Heap:
 PSYoungGen      total 155648K, used 117756K [0x00000000d5c00000, 0x00000000e1280000, 0x0000000100000000)
  eden space 155136K, 75% used [0x00000000d5c00000,0x00000000dceff0f0,0x00000000df380000)
  from space 512K, 0% used [0x00000000e1200000,0x00000000e1200000,0x00000000e1280000)
  to   space 12800K, 0% used [0x00000000df980000,0x00000000df980000,0x00000000e0600000)
 ParOldGen       total 56832K, used 11407K [0x0000000081400000, 0x0000000084b80000, 0x00000000d5c00000)
  object space 56832K, 20% used [0x0000000081400000,0x0000000081f23cb0,0x0000000084b80000)
 Metaspace       used 38830K, capacity 41149K, committed 41392K, reserved 1087488K
  class space    used 5233K, capacity 5653K, committed 5808K, reserved 1048576K
GC Heap History (10 events):
Event: 3.282 GC heap before
{Heap before GC invocations=9 (full 1):
 PSYoungGen      total 133120K, used 126445K [0x00000000d5c00000, 0x00000000e1c00000, 0x0000000100000000)
  eden space 122880K, 100% used [0x00000000d5c00000,0x00000000dd400000,0x00000000dd400000)
  from space 10240K, 34% used [0x00000000dd400000,0x00000000dd77b648,0x00000000dde00000)
  to   space 10240K, 0% used [0x00000000e1200000,0x00000000e1200000,0x00000000e1c00000)
 ParOldGen       total 56832K, used 8423K [0x0000000081400000, 0x0000000084b80000, 0x00000000d5c00000)
  object space 56832K, 14% used [0x0000000081400000,0x0000000081c39ed8,0x0000000084b80000)
 Metaspace       used 29219K, capacity 30934K, committed 31152K, reserved 1077248K
  class space    used 3911K, capacity 4253K, committed 4272K, reserved 1048576K
Event: 3.291 GC heap after
Heap after GC invocations=9 (full 1):
 PSYoungGen      total 133120K, used 10209K [0x00000000d5c00000, 0x00000000e1c00000, 0x0000000100000000)
  eden space 122880K, 0% used [0x00000000d5c00000,0x00000000d5c00000,0x00000000dd400000)
  from space 10240K, 99% used [0x00000000e1200000,0x00000000e1bf85a0,0x00000000e1c00000)
  to   space 10240K, 0% used [0x00000000dd400000,0x00000000dd400000,0x00000000dde00000)
 ParOldGen       total 56832K, used 10449K [0x0000000081400000, 0x0000000084b80000, 0x00000000d5c00000)
  object space 56832K, 18% used [0x0000000081400000,0x0000000081e34600,0x0000000084b80000)
 Metaspace       used 29219K, capacity 30934K, committed 31152K, reserved 1077248K
  class space    used 3911K, capacity 4253K, committed 4272K, reserved 1048576K
}
Event: 3.462 GC heap before
{Heap before GC invocations=10 (full 1):
 PSYoungGen      total 133120K, used 33248K [0x00000000d5c00000, 0x00000000e1c00000, 0x0000000100000000)
  eden space 122880K, 18% used [0x00000000d5c00000,0x00000000d727fc58,0x00000000dd400000)
  from space 10240K, 99% used [0x00000000e1200000,0x00000000e1bf85a0,0x00000000e1c00000)
  to   space 10240K, 0% used [0x00000000dd400000,0x00000000dd400000,0x00000000dde00000)
 ParOldGen       total 56832K, used 10449K [0x0000000081400000, 0x0000000084b80000, 0x00000000d5c00000)
  object space 56832K, 18% used [0x0000000081400000,0x0000000081e34600,0x0000000084b80000)
 Metaspace       used 31085K, capacity 32914K, committed 33072K, reserved 1081344K
  class space    used 4170K, capacity 4529K, committed 4656K, reserved 1048576K
Event: 3.471 GC heap after
Heap after GC invocations=10 (full 1):
 PSYoungGen      total 133120K, used 7847K [0x00000000d5c00000, 0x00000000e1c00000, 0x0000000100000000)
  eden space 122880K, 0% used [0x00000000d5c00000,0x00000000d5c00000,0x00000000dd400000)
  from space 10240K, 76% used [0x00000000dd400000,0x00000000ddba9dc8,0x00000000dde00000)
  to   space 10240K, 0% used [0x00000000e1200000,0x00000000e1200000,0x00000000e1c00000)
 ParOldGen       total 56832K, used 10857K [0x0000000081400000, 0x0000000084b80000, 0x00000000d5c00000)
  object space 56832K, 19% used [0x0000000081400000,0x0000000081e9a600,0x0000000084b80000)
 Metaspace       used 31085K, capacity 32914K, committed 33072K, reserved 1081344K
  class space    used 4170K, capacity 4529K, committed 4656K, reserved 1048576K
}
Event: 3.471 GC heap before
{Heap before GC invocations=11 (full 2):
 PSYoungGen      total 133120K, used 7847K [0x00000000d5c00000, 0x00000000e1c00000, 0x0000000100000000)
  eden space 122880K, 0% used [0x00000000d5c00000,0x00000000d5c00000,0x00000000dd400000)
  from space 10240K, 76% used [0x00000000dd400000,0x00000000ddba9dc8,0x00000000dde00000)
  to   space 10240K, 0% used [0x00000000e1200000,0x00000000e1200000,0x00000000e1c00000)
 ParOldGen       total 56832K, used 10857K [0x0000000081400000, 0x0000000084b80000, 0x00000000d5c00000)
  object space 56832K, 19% used [0x0000000081400000,0x0000000081e9a600,0x0000000084b80000)
 Metaspace       used 31085K, capacity 32914K, committed 33072K, reserved 1081344K
  class space    used 4170K, capacity 4529K, committed 4656K, reserved 1048576K
Event: 3.527 GC heap after
Heap after GC invocations=11 (full 2):
 PSYoungGen      total 133120K, used 0K [0x00000000d5c00000, 0x00000000e1c00000, 0x0000000100000000)
  eden space 122880K, 0% used [0x00000000d5c00000,0x00000000d5c00000,0x00000000dd400000)
  from space 10240K, 0% used [0x00000000dd400000,0x00000000dd400000,0x00000000dde00000)
  to   space 10240K, 0% used [0x00000000e1200000,0x00000000e1200000,0x00000000e1c00000)
 ParOldGen       total 56832K, used 13808K [0x0000000081400000, 0x0000000084b80000, 0x00000000d5c00000)
  object space 56832K, 24% used [0x0000000081400000,0x000000008217c398,0x0000000084b80000)
 Metaspace       used 31085K, capacity 32914K, committed 33072K, reserved 1079296K
  class space    used 4170K, capacity 4529K, committed 4656K, reserved 1048576K
}
Event: 3.527 GC heap before
{Heap before GC invocations=12 (full 2):
 PSYoungGen      total 133120K, used 0K [0x00000000d5c00000, 0x00000000e1c00000, 0x0000000100000000)
  eden space 122880K, 0% used [0x00000000d5c00000,0x00000000d5c00000,0x00000000dd400000)
  from space 10240K, 0% used [0x00000000dd400000,0x00000000dd400000,0x00000000dde00000)
  to   space 10240K, 0% used [0x00000000e1200000,0x00000000e1200000,0x00000000e1c00000)
 ParOldGen       total 56832K, used 13808K [0x0000000081400000, 0x0000000084b80000, 0x00000000d5c00000)
  object space 56832K, 24% used [0x0000000081400000,0x000000008217c398,0x0000000084b80000)
 Metaspace       used 31085K, capacity 32914K, committed 33072K, reserved 1083392K
  class space    used 4170K, capacity 4529K, committed 4656K, reserved 1048576K
Event: 3.529 GC heap after
Heap after GC invocations=12 (full 2):
 PSYoungGen      total 155648K, used 0K [0x00000000d5c00000, 0x00000000e1280000, 0x0000000100000000)
  eden space 155136K, 0% used [0x00000000d5c00000,0x00000000d5c00000,0x00000000df380000)
  from space 512K, 0% used [0x00000000e1200000,0x00000000e1200000,0x00000000e1280000)
  to   space 12800K, 0% used [0x00000000df980000,0x00000000df980000,0x00000000e0600000)
 ParOldGen       total 56832K, used 13808K [0x0000000081400000, 0x0000000084b80000, 0x00000000d5c00000)
  object space 56832K, 24% used [0x0000000081400000,0x000000008217c398,0x0000000084b80000)
 Metaspace       used 31085K, capacity 32914K, committed 33072K, reserved 1083392K
  class space    used 4170K, capacity 4529K, committed 4656K, reserved 1048576K
}
Event: 3.529 GC heap before
{Heap before GC invocations=13 (full 3):
 PSYoungGen      total 155648K, used 0K [0x00000000d5c00000, 0x00000000e1280000, 0x0000000100000000)
  eden space 155136K, 0% used [0x00000000d5c00000,0x00000000d5c00000,0x00000000df380000)
  from space 512K, 0% used [0x00000000e1200000,0x00000000e1200000,0x00000000e1280000)
  to   space 12800K, 0% used [0x00000000df980000,0x00000000df980000,0x00000000e0600000)
 ParOldGen       total 56832K, used 13808K [0x0000000081400000, 0x0000000084b80000, 0x00000000d5c00000)
  object space 56832K, 24% used [0x0000000081400000,0x000000008217c398,0x0000000084b80000)
 Metaspace       used 31085K, capacity 32914K, committed 33072K, reserved 1083392K
  class space    used 4170K, capacity 4529K, committed 4656K, reserved 1048576K
Event: 3.586 GC heap after
Heap after GC invocations=13 (full 3):
 PSYoungGen      total 155648K, used 0K [0x00000000d5c00000, 0x00000000e1280000, 0x0000000100000000)
  eden space 155136K, 0% used [0x00000000d5c00000,0x00000000d5c00000,0x00000000df380000)
  from space 512K, 0% used [0x00000000e1200000,0x00000000e1200000,0x00000000e1280000)
  to   space 12800K, 0% used [0x00000000df980000,0x00000000df980000,0x00000000e0600000)
 ParOldGen       total 56832K, used 11407K [0x0000000081400000, 0x0000000084b80000, 0x00000000d5c00000)
  object space 56832K, 20% used [0x0000000081400000,0x0000000081f23cb0,0x0000000084b80000)
 Metaspace       used 30872K, capacity 32570K, committed 33072K, reserved 1079296K
  class space    used 4136K, capacity 4467K, committed 4656K, reserved 1048576K
}

