# JRE version: Java(TM) SE Runtime Environment (8.0_131-b11) (build 1.8.0_131-b11)
# Java VM: Java HotSpot(TM) 64-Bit Server VM (25.131-b11 mixed mode windows-amd64 compressed oops)
Heap:
 PSYoungGen      total 69120K, used 857K [0x00000000d5c00000, 0x00000000da980000, 0x0000000100000000)
  eden space 58880K, 1% used [0x00000000d5c00000,0x00000000d5cd66e0,0x00000000d9580000)
  from space 10240K, 0% used [0x00000000d9580000,0x00000000d9580000,0x00000000d9f80000)
  to   space 9728K, 0% used [0x00000000d9f80000,0x00000000d9f80000,0x00000000da900000)
 ParOldGen       total 50176K, used 10666K [0x0000000081400000, 0x0000000084500000, 0x00000000d5c00000)
  object space 50176K, 21% used [0x0000000081400000,0x0000000081e6aad8,0x0000000084500000)
 Metaspace       used 28409K, capacity 30021K, committed 30592K, reserved 1081344K
  class space    used 3776K, capacity 4084K, committed 4224K, reserved 1048576K
GC Heap History (10 events):
Event: 3.321 GC heap before
{Heap before GC invocations=13 (full 2):
 PSYoungGen      total 69120K, used 2064K [0x00000000d5c00000, 0x00000000da980000, 0x0000000100000000)
  eden space 58880K, 0% used [0x00000000d5c00000,0x00000000d5c00000,0x00000000d9580000)
  from space 10240K, 20% used [0x00000000d9580000,0x00000000d9784370,0x00000000d9f80000)
  to   space 9728K, 0% used [0x00000000d9f80000,0x00000000d9f80000,0x00000000da900000)
 ParOldGen       total 50176K, used 11630K [0x0000000081400000, 0x0000000084500000, 0x00000000d5c00000)
  object space 50176K, 23% used [0x0000000081400000,0x0000000081f5b9a8,0x0000000084500000)
 Metaspace       used 26882K, capacity 28514K, committed 28544K, reserved 1079296K
  class space    used 3630K, capacity 3943K, committed 3968K, reserved 1048576K
Event: 3.373 GC heap after
Heap after GC invocations=13 (full 2):
 PSYoungGen      total 69120K, used 0K [0x00000000d5c00000, 0x00000000da980000, 0x0000000100000000)
  eden space 58880K, 0% used [0x00000000d5c00000,0x00000000d5c00000,0x00000000d9580000)
  from space 10240K, 0% used [0x00000000d9580000,0x00000000d9580000,0x00000000d9f80000)
  to   space 9728K, 0% used [0x00000000d9f80000,0x00000000d9f80000,0x00000000da900000)
 ParOldGen       total 50176K, used 11641K [0x0000000081400000, 0x0000000084500000, 0x00000000d5c00000)
  object space 50176K, 23% used [0x0000000081400000,0x0000000081f5e7a8,0x0000000084500000)
 Metaspace       used 26882K, capacity 28514K, committed 28544K, reserved 1077248K
  class space    used 3630K, capacity 3943K, committed 3968K, reserved 1048576K
}
Event: 3.502 GC heap before
{Heap before GC invocations=14 (full 2):
 PSYoungGen      total 69120K, used 29059K [0x00000000d5c00000, 0x00000000da980000, 0x0000000100000000)
  eden space 58880K, 49% used [0x00000000d5c00000,0x00000000d7860c88,0x00000000d9580000)
  from space 10240K, 0% used [0x00000000d9580000,0x00000000d9580000,0x00000000d9f80000)
  to   space 9728K, 0% used [0x00000000d9f80000,0x00000000d9f80000,0x00000000da900000)
 ParOldGen       total 50176K, used 11641K [0x0000000081400000, 0x0000000084500000, 0x00000000d5c00000)
  object space 50176K, 23% used [0x0000000081400000,0x0000000081f5e7a8,0x0000000084500000)
 Metaspace       used 28558K, capacity 30219K, committed 30336K, reserved 1085440K
  class space    used 3802K, capacity 4143K, committed 4224K, reserved 1048576K
Event: 3.504 GC heap after
Heap after GC invocations=14 (full 2):
 PSYoungGen      total 68608K, used 2330K [0x00000000d5c00000, 0x00000000da980000, 0x0000000100000000)
  eden space 58880K, 0% used [0x00000000d5c00000,0x00000000d5c00000,0x00000000d9580000)
  from space 9728K, 23% used [0x00000000d9f80000,0x00000000da1c68d8,0x00000000da900000)
  to   space 10240K, 0% used [0x00000000d9580000,0x00000000d9580000,0x00000000d9f80000)
 ParOldGen       total 50176K, used 11641K [0x0000000081400000, 0x0000000084500000, 0x00000000d5c00000)
  object space 50176K, 23% used [0x0000000081400000,0x0000000081f5e7a8,0x0000000084500000)
 Metaspace       used 28558K, capacity 30219K, committed 30336K, reserved 1085440K
  class space    used 3802K, capacity 4143K, committed 4224K, reserved 1048576K
}
Event: 3.504 GC heap before
{Heap before GC invocations=15 (full 3):
 PSYoungGen      total 68608K, used 2330K [0x00000000d5c00000, 0x00000000da980000, 0x0000000100000000)
  eden space 58880K, 0% used [0x00000000d5c00000,0x00000000d5c00000,0x00000000d9580000)
  from space 9728K, 23% used [0x00000000d9f80000,0x00000000da1c68d8,0x00000000da900000)
  to   space 10240K, 0% used [0x00000000d9580000,0x00000000d9580000,0x00000000d9f80000)
 ParOldGen       total 50176K, used 11641K [0x0000000081400000, 0x0000000084500000, 0x00000000d5c00000)
  object space 50176K, 23% used [0x0000000081400000,0x0000000081f5e7a8,0x0000000084500000)
 Metaspace       used 28558K, capacity 30219K, committed 30336K, reserved 1085440K
  class space    used 3802K, capacity 4143K, committed 4224K, reserved 1048576K
Event: 3.556 GC heap after
Heap after GC invocations=15 (full 3):
 PSYoungGen      total 68608K, used 0K [0x00000000d5c00000, 0x00000000da980000, 0x0000000100000000)
  eden space 58880K, 0% used [0x00000000d5c00000,0x00000000d5c00000,0x00000000d9580000)
  from space 9728K, 0% used [0x00000000d9f80000,0x00000000d9f80000,0x00000000da900000)
  to   space 10240K, 0% used [0x00000000d9580000,0x00000000d9580000,0x00000000d9f80000)
 ParOldGen       total 50176K, used 12920K [0x0000000081400000, 0x0000000084500000, 0x00000000d5c00000)
  object space 50176K, 25% used [0x0000000081400000,0x000000008209e2a8,0x0000000084500000)
 Metaspace       used 28558K, capacity 30219K, committed 30336K, reserved 1081344K
  class space    used 3802K, capacity 4143K, committed 4224K, reserved 1048576K
}
Event: 3.556 GC heap before
{Heap before GC invocations=16 (full 3):
 PSYoungGen      total 68608K, used 0K [0x00000000d5c00000, 0x00000000da980000, 0x0000000100000000)
  eden space 58880K, 0% used [0x00000000d5c00000,0x00000000d5c00000,0x00000000d9580000)
  from space 9728K, 0% used [0x00000000d9f80000,0x00000000d9f80000,0x00000000da900000)
  to   space 10240K, 0% used [0x00000000d9580000,0x00000000d9580000,0x00000000d9f80000)
 ParOldGen       total 50176K, used 12920K [0x0000000081400000, 0x0000000084500000, 0x00000000d5c00000)
  object space 50176K, 25% used [0x0000000081400000,0x000000008209e2a8,0x0000000084500000)
 Metaspace       used 28558K, capacity 30219K, committed 30336K, reserved 1085440K
  class space    used 3802K, capacity 4143K, committed 4224K, reserved 1048576K
Event: 3.556 GC heap after
Heap after GC invocations=16 (full 3):
 PSYoungGen      total 69120K, used 0K [0x00000000d5c00000, 0x00000000da980000, 0x0000000100000000)
  eden space 58880K, 0% used [0x00000000d5c00000,0x00000000d5c00000,0x00000000d9580000)
  from space 10240K, 0% used [0x00000000d9580000,0x00000000d9580000,0x00000000d9f80000)
  to   space 9728K, 0% used [0x00000000d9f80000,0x00000000d9f80000,0x00000000da900000)
 ParOldGen       total 50176K, used 12920K [0x0000000081400000, 0x0000000084500000, 0x00000000d5c00000)
  object space 50176K, 25% used [0x0000000081400000,0x000000008209e2a8,0x0000000084500000)
 Metaspace       used 28558K, capacity 30219K, committed 30336K, reserved 1085440K
  class space    used 3802K, capacity 4143K, committed 4224K, reserved 1048576K
}
Event: 3.556 GC heap before
{Heap before GC invocations=17 (full 4):
 PSYoungGen      total 69120K, used 0K [0x00000000d5c00000, 0x00000000da980000, 0x0000000100000000)
  eden space 58880K, 0% used [0x00000000d5c00000,0x00000000d5c00000,0x00000000d9580000)
  from space 10240K, 0% used [0x00000000d9580000,0x00000000d9580000,0x00000000d9f80000)
  to   space 9728K, 0% used [0x00000000d9f80000,0x00000000d9f80000,0x00000000da900000)
 ParOldGen       total 50176K, used 12920K [0x0000000081400000, 0x0000000084500000, 0x00000000d5c00000)
  object space 50176K, 25% used [0x0000000081400000,0x000000008209e2a8,0x0000000084500000)
 Metaspace       used 28558K, capacity 30219K, committed 30336K, reserved 1085440K
  class space    used 3802K, capacity 4143K, committed 4224K, reserved 1048576K
Event: 3.609 GC heap after
Heap after GC invocations=17 (full 4):
 PSYoungGen      total 69120K, used 0K [0x00000000d5c00000, 0x00000000da980000, 0x0000000100000000)
  eden space 58880K, 0% used [0x00000000d5c00000,0x00000000d5c00000,0x00000000d9580000)
  from space 10240K, 0% used [0x00000000d9580000,0x00000000d9580000,0x00000000d9f80000)
  to   space 9728K, 0% used [0x00000000d9f80000,0x00000000d9f80000,0x00000000da900000)
 ParOldGen       total 50176K, used 10666K [0x0000000081400000, 0x0000000084500000, 0x00000000d5c00000)
  object space 50176K, 21% used [0x0000000081400000,0x0000000081e6aad8,0x0000000084500000)
 Metaspace       used 28357K, capacity 29893K, committed 30336K, reserved 1081344K
  class space    used 3770K, capacity 4084K, committed 4224K, reserved 1048576K
}

