# JRE version: Java(TM) SE Runtime Environment (8.0_131-b11) (build 1.8.0_131-b11)
# Java VM: Java HotSpot(TM) 64-Bit Server VM (25.131-b11 mixed mode windows-amd64 compressed oops)
Heap:
 PSYoungGen      total 196608K, used 148774K [0x00000000d5c00000, 0x00000000e3200000, 0x0000000100000000)
  eden space 186880K, 74% used [0x00000000d5c00000,0x00000000de421e00,0x00000000e1280000)
  from space 9728K, 96% used [0x00000000e2880000,0x00000000e31a7b68,0x00000000e3200000)
  to   space 12288K, 0% used [0x00000000e1a00000,0x00000000e1a00000,0x00000000e2600000)
 ParOldGen       total 95232K, used 15058K [0x0000000081400000, 0x0000000087100000, 0x00000000d5c00000)
  object space 95232K, 15% used [0x0000000081400000,0x00000000822b4ac8,0x0000000087100000)
 Metaspace       used 47116K, capacity 50196K, committed 50432K, reserved 1093632K
  class space    used 6304K, capacity 6834K, committed 6912K, reserved 1048576K
GC Heap History (10 events):
Event: 2.131 GC heap before
{Heap before GC invocations=8 (full 1):
 PSYoungGen      total 108544K, used 104803K [0x00000000d5c00000, 0x00000000dd080000, 0x0000000100000000)
  eden space 100864K, 100% used [0x00000000d5c00000,0x00000000dbe80000,0x00000000dbe80000)
  from space 7680K, 51% used [0x00000000dc900000,0x00000000dccd8f28,0x00000000dd080000)
  to   space 9216K, 0% used [0x00000000dbe80000,0x00000000dbe80000,0x00000000dc780000)
 ParOldGen       total 60416K, used 8294K [0x0000000081400000, 0x0000000084f00000, 0x00000000d5c00000)
  object space 60416K, 13% used [0x0000000081400000,0x0000000081c199c0,0x0000000084f00000)
 Metaspace       used 24408K, capacity 25936K, committed 26240K, reserved 1073152K
  class space    used 3077K, capacity 3396K, committed 3456K, reserved 1048576K
Event: 2.133 GC heap after
Heap after GC invocations=8 (full 1):
 PSYoungGen      total 110080K, used 3796K [0x00000000d5c00000, 0x00000000e0380000, 0x0000000100000000)
  eden space 100864K, 0% used [0x00000000d5c00000,0x00000000d5c00000,0x00000000dbe80000)
  from space 9216K, 41% used [0x00000000dbe80000,0x00000000dc235060,0x00000000dc780000)
  to   space 9216K, 0% used [0x00000000dfa80000,0x00000000dfa80000,0x00000000e0380000)
 ParOldGen       total 60416K, used 8302K [0x0000000081400000, 0x0000000084f00000, 0x00000000d5c00000)
  object space 60416K, 13% used [0x0000000081400000,0x0000000081c1b9c0,0x0000000084f00000)
 Metaspace       used 24408K, capacity 25936K, committed 26240K, reserved 1073152K
  class space    used 3077K, capacity 3396K, committed 3456K, reserved 1048576K
}
Event: 2.593 GC heap before
{Heap before GC invocations=9 (full 1):
 PSYoungGen      total 110080K, used 104660K [0x00000000d5c00000, 0x00000000e0380000, 0x0000000100000000)
  eden space 100864K, 100% used [0x00000000d5c00000,0x00000000dbe80000,0x00000000dbe80000)
  from space 9216K, 41% used [0x00000000dbe80000,0x00000000dc235060,0x00000000dc780000)
  to   space 9216K, 0% used [0x00000000dfa80000,0x00000000dfa80000,0x00000000e0380000)
 ParOldGen       total 60416K, used 8302K [0x0000000081400000, 0x0000000084f00000, 0x00000000d5c00000)
  object space 60416K, 13% used [0x0000000081400000,0x0000000081c1b9c0,0x0000000084f00000)
 Metaspace       used 27349K, capacity 29042K, committed 29184K, reserved 1075200K
  class space    used 3503K, capacity 3835K, committed 3840K, reserved 1048576K
Event: 2.599 GC heap after
Heap after GC invocations=9 (full 1):
 PSYoungGen      total 160256K, used 7713K [0x00000000d5c00000, 0x00000000e0300000, 0x0000000100000000)
  eden space 151552K, 0% used [0x00000000d5c00000,0x00000000d5c00000,0x00000000df000000)
  from space 8704K, 88% used [0x00000000dfa80000,0x00000000e02085e8,0x00000000e0300000)
  to   space 9728K, 0% used [0x00000000df000000,0x00000000df000000,0x00000000df980000)
 ParOldGen       total 60416K, used 8310K [0x0000000081400000, 0x0000000084f00000, 0x00000000d5c00000)
  object space 60416K, 13% used [0x0000000081400000,0x0000000081c1d9c0,0x0000000084f00000)
 Metaspace       used 27349K, capacity 29042K, committed 29184K, reserved 1075200K
  class space    used 3503K, capacity 3835K, committed 3840K, reserved 1048576K
}
Event: 3.192 GC heap before
{Heap before GC invocations=10 (full 1):
 PSYoungGen      total 160256K, used 88273K [0x00000000d5c00000, 0x00000000e0300000, 0x0000000100000000)
  eden space 151552K, 53% used [0x00000000d5c00000,0x00000000daaac130,0x00000000df000000)
  from space 8704K, 88% used [0x00000000dfa80000,0x00000000e02085e8,0x00000000e0300000)
  to   space 9728K, 0% used [0x00000000df000000,0x00000000df000000,0x00000000df980000)
 ParOldGen       total 60416K, used 8310K [0x0000000081400000, 0x0000000084f00000, 0x00000000d5c00000)
  object space 60416K, 13% used [0x0000000081400000,0x0000000081c1d9c0,0x0000000084f00000)
 Metaspace       used 33424K, capacity 35286K, committed 35416K, reserved 1079296K
  class space    used 4377K, capacity 4743K, committed 4864K, reserved 1048576K
Event: 3.205 GC heap after
Heap after GC invocations=10 (full 1):
 PSYoungGen      total 161280K, used 9719K [0x00000000d5c00000, 0x00000000e3380000, 0x0000000100000000)
  eden space 151552K, 0% used [0x00000000d5c00000,0x00000000d5c00000,0x00000000df000000)
  from space 9728K, 99% used [0x00000000df000000,0x00000000df97dd20,0x00000000df980000)
  to   space 11264K, 0% used [0x00000000e2880000,0x00000000e2880000,0x00000000e3380000)
 ParOldGen       total 60416K, used 9346K [0x0000000081400000, 0x0000000084f00000, 0x00000000d5c00000)
  object space 60416K, 15% used [0x0000000081400000,0x0000000081d20ad0,0x0000000084f00000)
 Metaspace       used 33424K, capacity 35286K, committed 35416K, reserved 1079296K
  class space    used 4377K, capacity 4743K, committed 4864K, reserved 1048576K
}
Event: 3.205 GC heap before
{Heap before GC invocations=11 (full 2):
 PSYoungGen      total 161280K, used 9719K [0x00000000d5c00000, 0x00000000e3380000, 0x0000000100000000)
  eden space 151552K, 0% used [0x00000000d5c00000,0x00000000d5c00000,0x00000000df000000)
  from space 9728K, 99% used [0x00000000df000000,0x00000000df97dd20,0x00000000df980000)
  to   space 11264K, 0% used [0x00000000e2880000,0x00000000e2880000,0x00000000e3380000)
 ParOldGen       total 60416K, used 9346K [0x0000000081400000, 0x0000000084f00000, 0x00000000d5c00000)
  object space 60416K, 15% used [0x0000000081400000,0x0000000081d20ad0,0x0000000084f00000)
 Metaspace       used 33424K, capacity 35286K, committed 35416K, reserved 1079296K
  class space    used 4377K, capacity 4743K, committed 4864K, reserved 1048576K
Event: 3.267 GC heap after
Heap after GC invocations=11 (full 2):
 PSYoungGen      total 161280K, used 0K [0x00000000d5c00000, 0x00000000e3380000, 0x0000000100000000)
  eden space 151552K, 0% used [0x00000000d5c00000,0x00000000d5c00000,0x00000000df000000)
  from space 9728K, 0% used [0x00000000df000000,0x00000000df000000,0x00000000df980000)
  to   space 11264K, 0% used [0x00000000e2880000,0x00000000e2880000,0x00000000e3380000)
 ParOldGen       total 95232K, used 14986K [0x0000000081400000, 0x0000000087100000, 0x00000000d5c00000)
  object space 95232K, 15% used [0x0000000081400000,0x00000000822a2ab8,0x0000000087100000)
 Metaspace       used 33424K, capacity 35286K, committed 35416K, reserved 1079296K
  class space    used 4377K, capacity 4743K, committed 4864K, reserved 1048576K
}
Event: 4.175 GC heap before
{Heap before GC invocations=12 (full 2):
 PSYoungGen      total 161280K, used 151552K [0x00000000d5c00000, 0x00000000e3380000, 0x0000000100000000)
  eden space 151552K, 100% used [0x00000000d5c00000,0x00000000df000000,0x00000000df000000)
  from space 9728K, 0% used [0x00000000df000000,0x00000000df000000,0x00000000df980000)
  to   space 11264K, 0% used [0x00000000e2880000,0x00000000e2880000,0x00000000e3380000)
 ParOldGen       total 95232K, used 14986K [0x0000000081400000, 0x0000000087100000, 0x00000000d5c00000)
  object space 95232K, 15% used [0x0000000081400000,0x00000000822a2ab8,0x0000000087100000)
 Metaspace       used 40693K, capacity 43266K, committed 43520K, reserved 1087488K
  class space    used 5357K, capacity 5811K, committed 5888K, reserved 1048576K
Event: 4.186 GC heap after
Heap after GC invocations=12 (full 2):
 PSYoungGen      total 196608K, used 9374K [0x00000000d5c00000, 0x00000000e3200000, 0x0000000100000000)
  eden space 186880K, 0% used [0x00000000d5c00000,0x00000000d5c00000,0x00000000e1280000)
  from space 9728K, 96% used [0x00000000e2880000,0x00000000e31a7b68,0x00000000e3200000)
  to   space 12288K, 0% used [0x00000000e1a00000,0x00000000e1a00000,0x00000000e2600000)
 ParOldGen       total 95232K, used 15058K [0x0000000081400000, 0x0000000087100000, 0x00000000d5c00000)
  object space 95232K, 15% used [0x0000000081400000,0x00000000822b4ac8,0x0000000087100000)
 Metaspace       used 40693K, capacity 43266K, committed 43520K, reserved 1087488K
  class space    used 5357K, capacity 5811K, committed 5888K, reserved 1048576K
}

