# JRE version: Java(TM) SE Runtime Environment (8.0_131-b11) (build 1.8.0_131-b11)
# Java VM: Java HotSpot(TM) 64-Bit Server VM (25.131-b11 mixed mode windows-amd64 compressed oops)
Heap:
 PSYoungGen      total 71680K, used 39389K [0x00000000d5c00000, 0x00000000da700000, 0x0000000100000000)
  eden space 66560K, 51% used [0x00000000d5c00000,0x00000000d7d79880,0x00000000d9d00000)
  from space 5120K, 99% used [0x00000000d9d00000,0x00000000da1fde28,0x00000000da200000)
  to   space 5120K, 0% used [0x00000000da200000,0x00000000da200000,0x00000000da700000)
 ParOldGen       total 90112K, used 42999K [0x0000000081400000, 0x0000000086c00000, 0x00000000d5c00000)
  object space 90112K, 47% used [0x0000000081400000,0x0000000083dfdf48,0x0000000086c00000)
 Metaspace       used 26208K, capacity 27040K, committed 27184K, reserved 1073152K
  class space    used 3038K, capacity 3291K, committed 3376K, reserved 1048576K
GC Heap History (10 events):
Event: 2.616 GC heap before
{Heap before GC invocations=6 (full 0):
 PSYoungGen      total 71680K, used 71672K [0x00000000d5c00000, 0x00000000da700000, 0x0000000100000000)
  eden space 66560K, 100% used [0x00000000d5c00000,0x00000000d9d00000,0x00000000d9d00000)
  from space 5120K, 99% used [0x00000000d9d00000,0x00000000da1fe030,0x00000000da200000)
  to   space 5120K, 0% used [0x00000000da200000,0x00000000da200000,0x00000000da700000)
 ParOldGen       total 87552K, used 18696K [0x0000000081400000, 0x0000000086980000, 0x00000000d5c00000)
  object space 87552K, 21% used [0x0000000081400000,0x0000000082642178,0x0000000086980000)
 Metaspace       used 17707K, capacity 18170K, committed 18432K, reserved 1064960K
  class space    used 2058K, capacity 2188K, committed 2304K, reserved 1048576K
Event: 2.626 GC heap after
Heap after GC invocations=6 (full 0):
 PSYoungGen      total 71680K, used 5112K [0x00000000d5c00000, 0x00000000da700000, 0x0000000100000000)
  eden space 66560K, 0% used [0x00000000d5c00000,0x00000000d5c00000,0x00000000d9d00000)
  from space 5120K, 99% used [0x00000000da200000,0x00000000da6fe030,0x00000000da700000)
  to   space 5120K, 0% used [0x00000000d9d00000,0x00000000d9d00000,0x00000000da200000)
 ParOldGen       total 87552K, used 24058K [0x0000000081400000, 0x0000000086980000, 0x00000000d5c00000)
  object space 87552K, 27% used [0x0000000081400000,0x0000000082b7ea30,0x0000000086980000)
 Metaspace       used 17707K, capacity 18170K, committed 18432K, reserved 1064960K
  class space    used 2058K, capacity 2188K, committed 2304K, reserved 1048576K
}
Event: 2.988 GC heap before
{Heap before GC invocations=7 (full 0):
 PSYoungGen      total 71680K, used 43508K [0x00000000d5c00000, 0x00000000da700000, 0x0000000100000000)
  eden space 66560K, 57% used [0x00000000d5c00000,0x00000000d817f338,0x00000000d9d00000)
  from space 5120K, 99% used [0x00000000da200000,0x00000000da6fe030,0x00000000da700000)
  to   space 5120K, 0% used [0x00000000d9d00000,0x00000000d9d00000,0x00000000da200000)
 ParOldGen       total 87552K, used 24058K [0x0000000081400000, 0x0000000086980000, 0x00000000d5c00000)
  object space 87552K, 27% used [0x0000000081400000,0x0000000082b7ea30,0x0000000086980000)
 Metaspace       used 20728K, capacity 21220K, committed 21296K, reserved 1069056K
  class space    used 2462K, capacity 2589K, committed 2608K, reserved 1048576K
Event: 3.001 GC heap after
Heap after GC invocations=7 (full 0):
 PSYoungGen      total 71680K, used 5107K [0x00000000d5c00000, 0x00000000da700000, 0x0000000100000000)
  eden space 66560K, 0% used [0x00000000d5c00000,0x00000000d5c00000,0x00000000d9d00000)
  from space 5120K, 99% used [0x00000000d9d00000,0x00000000da1fcd28,0x00000000da200000)
  to   space 5120K, 0% used [0x00000000da200000,0x00000000da200000,0x00000000da700000)
 ParOldGen       total 87552K, used 26475K [0x0000000081400000, 0x0000000086980000, 0x00000000d5c00000)
  object space 87552K, 30% used [0x0000000081400000,0x0000000082ddada0,0x0000000086980000)
 Metaspace       used 20728K, capacity 21220K, committed 21296K, reserved 1069056K
  class space    used 2462K, capacity 2589K, committed 2608K, reserved 1048576K
}
Event: 3.001 GC heap before
{Heap before GC invocations=8 (full 1):
 PSYoungGen      total 71680K, used 5107K [0x00000000d5c00000, 0x00000000da700000, 0x0000000100000000)
  eden space 66560K, 0% used [0x00000000d5c00000,0x00000000d5c00000,0x00000000d9d00000)
  from space 5120K, 99% used [0x00000000d9d00000,0x00000000da1fcd28,0x00000000da200000)
  to   space 5120K, 0% used [0x00000000da200000,0x00000000da200000,0x00000000da700000)
 ParOldGen       total 87552K, used 26475K [0x0000000081400000, 0x0000000086980000, 0x00000000d5c00000)
  object space 87552K, 30% used [0x0000000081400000,0x0000000082ddada0,0x0000000086980000)
 Metaspace       used 20728K, capacity 21220K, committed 21296K, reserved 1069056K
  class space    used 2462K, capacity 2589K, committed 2608K, reserved 1048576K
Event: 3.093 GC heap after
Heap after GC invocations=8 (full 1):
 PSYoungGen      total 71680K, used 0K [0x00000000d5c00000, 0x00000000da700000, 0x0000000100000000)
  eden space 66560K, 0% used [0x00000000d5c00000,0x00000000d5c00000,0x00000000d9d00000)
  from space 5120K, 0% used [0x00000000d9d00000,0x00000000d9d00000,0x00000000da200000)
  to   space 5120K, 0% used [0x00000000da200000,0x00000000da200000,0x00000000da700000)
 ParOldGen       total 90112K, used 28460K [0x0000000081400000, 0x0000000086c00000, 0x00000000d5c00000)
  object space 90112K, 31% used [0x0000000081400000,0x0000000082fcb160,0x0000000086c00000)
 Metaspace       used 20728K, capacity 21220K, committed 21296K, reserved 1069056K
  class space    used 2462K, capacity 2589K, committed 2608K, reserved 1048576K
}
Event: 3.582 GC heap before
{Heap before GC invocations=9 (full 1):
 PSYoungGen      total 71680K, used 66560K [0x00000000d5c00000, 0x00000000da700000, 0x0000000100000000)
  eden space 66560K, 100% used [0x00000000d5c00000,0x00000000d9d00000,0x00000000d9d00000)
  from space 5120K, 0% used [0x00000000d9d00000,0x00000000d9d00000,0x00000000da200000)
  to   space 5120K, 0% used [0x00000000da200000,0x00000000da200000,0x00000000da700000)
 ParOldGen       total 90112K, used 28460K [0x0000000081400000, 0x0000000086c00000, 0x00000000d5c00000)
  object space 90112K, 31% used [0x0000000081400000,0x0000000082fcb160,0x0000000086c00000)
 Metaspace       used 24512K, capacity 25186K, committed 25392K, reserved 1071104K
  class space    used 2843K, capacity 3037K, committed 3120K, reserved 1048576K
Event: 3.598 GC heap after
Heap after GC invocations=9 (full 1):
 PSYoungGen      total 71680K, used 5111K [0x00000000d5c00000, 0x00000000da700000, 0x0000000100000000)
  eden space 66560K, 0% used [0x00000000d5c00000,0x00000000d5c00000,0x00000000d9d00000)
  from space 5120K, 99% used [0x00000000da200000,0x00000000da6fde28,0x00000000da700000)
  to   space 5120K, 0% used [0x00000000d9d00000,0x00000000d9d00000,0x00000000da200000)
 ParOldGen       total 90112K, used 40458K [0x0000000081400000, 0x0000000086c00000, 0x00000000d5c00000)
  object space 90112K, 44% used [0x0000000081400000,0x0000000083b82988,0x0000000086c00000)
 Metaspace       used 24512K, capacity 25186K, committed 25392K, reserved 1071104K
  class space    used 2843K, capacity 3037K, committed 3120K, reserved 1048576K
}
Event: 4.183 GC heap before
{Heap before GC invocations=10 (full 1):
 PSYoungGen      total 71680K, used 71671K [0x00000000d5c00000, 0x00000000da700000, 0x0000000100000000)
  eden space 66560K, 100% used [0x00000000d5c00000,0x00000000d9d00000,0x00000000d9d00000)
  from space 5120K, 99% used [0x00000000da200000,0x00000000da6fde28,0x00000000da700000)
  to   space 5120K, 0% used [0x00000000d9d00000,0x00000000d9d00000,0x00000000da200000)
 ParOldGen       total 90112K, used 40458K [0x0000000081400000, 0x0000000086c00000, 0x00000000d5c00000)
  object space 90112K, 44% used [0x0000000081400000,0x0000000083b82988,0x0000000086c00000)
 Metaspace       used 26096K, capacity 26890K, committed 27184K, reserved 1073152K
  class space    used 3029K, capacity 3250K, committed 3376K, reserved 1048576K
Event: 4.188 GC heap after
Heap after GC invocations=10 (full 1):
 PSYoungGen      total 71680K, used 5111K [0x00000000d5c00000, 0x00000000da700000, 0x0000000100000000)
  eden space 66560K, 0% used [0x00000000d5c00000,0x00000000d5c00000,0x00000000d9d00000)
  from space 5120K, 99% used [0x00000000d9d00000,0x00000000da1fde28,0x00000000da200000)
  to   space 5120K, 0% used [0x00000000da200000,0x00000000da200000,0x00000000da700000)
 ParOldGen       total 90112K, used 42999K [0x0000000081400000, 0x0000000086c00000, 0x00000000d5c00000)
  object space 90112K, 47% used [0x0000000081400000,0x0000000083dfdf48,0x0000000086c00000)
 Metaspace       used 26096K, capacity 26890K, committed 27184K, reserved 1073152K
  class space    used 3029K, capacity 3250K, committed 3376K, reserved 1048576K
}

