# JRE version: Java(TM) SE Runtime Environment (8.0_131-b11) (build 1.8.0_131-b11)
# Java VM: Java HotSpot(TM) 64-Bit Server VM (25.131-b11 mixed mode windows-amd64 compressed oops)
Heap:
 PSYoungGen      total 211968K, used 79504K [0x00000000d5c00000, 0x00000000e8c80000, 0x0000000100000000)
  eden space 202752K, 39% used [0x00000000d5c00000,0x00000000da9a43a8,0x00000000e2200000)
  from space 9216K, 0% used [0x00000000e2200000,0x00000000e2200000,0x00000000e2b00000)
  to   space 12288K, 0% used [0x00000000e8080000,0x00000000e8080000,0x00000000e8c80000)
 ParOldGen       total 49152K, used 18759K [0x0000000081400000, 0x0000000084400000, 0x00000000d5c00000)
  object space 49152K, 38% used [0x0000000081400000,0x0000000082651ef8,0x0000000084400000)
 Metaspace       used 38982K, capacity 41312K, committed 41552K, reserved 1085440K
  class space    used 5079K, capacity 5476K, committed 5500K, reserved 1048576K
GC Heap History (10 events):
Event: 1.524 GC heap before
{Heap before GC invocations=7 (full 1):
 PSYoungGen      total 71680K, used 66560K [0x00000000d5c00000, 0x00000000df000000, 0x0000000100000000)
  eden space 66560K, 100% used [0x00000000d5c00000,0x00000000d9d00000,0x00000000d9d00000)
  from space 5120K, 0% used [0x00000000d9d00000,0x00000000d9d00000,0x00000000da200000)
  to   space 9216K, 0% used [0x00000000de700000,0x00000000de700000,0x00000000df000000)
 ParOldGen       total 49152K, used 4866K [0x0000000081400000, 0x0000000084400000, 0x00000000d5c00000)
  object space 49152K, 9% used [0x0000000081400000,0x00000000818c09f8,0x0000000084400000)
 Metaspace       used 23000K, capacity 24476K, committed 24572K, reserved 1071104K
  class space    used 2957K, capacity 3252K, committed 3324K, reserved 1048576K
Event: 1.528 GC heap after
Heap after GC invocations=7 (full 1):
 PSYoungGen      total 122368K, used 4931K [0x00000000d5c00000, 0x00000000dec00000, 0x0000000100000000)
  eden space 117248K, 0% used [0x00000000d5c00000,0x00000000d5c00000,0x00000000dce80000)
  from space 5120K, 96% used [0x00000000de700000,0x00000000debd0cc0,0x00000000dec00000)
  to   space 9216K, 0% used [0x00000000dda00000,0x00000000dda00000,0x00000000de300000)
 ParOldGen       total 49152K, used 4874K [0x0000000081400000, 0x0000000084400000, 0x00000000d5c00000)
  object space 49152K, 9% used [0x0000000081400000,0x00000000818c29f8,0x0000000084400000)
 Metaspace       used 23000K, capacity 24476K, committed 24572K, reserved 1071104K
  class space    used 2957K, capacity 3252K, committed 3324K, reserved 1048576K
}
Event: 1.667 GC heap before
{Heap before GC invocations=8 (full 1):
 PSYoungGen      total 122368K, used 122179K [0x00000000d5c00000, 0x00000000dec00000, 0x0000000100000000)
  eden space 117248K, 100% used [0x00000000d5c00000,0x00000000dce80000,0x00000000dce80000)
  from space 5120K, 96% used [0x00000000de700000,0x00000000debd0cc0,0x00000000dec00000)
  to   space 9216K, 0% used [0x00000000dda00000,0x00000000dda00000,0x00000000de300000)
 ParOldGen       total 49152K, used 4874K [0x0000000081400000, 0x0000000084400000, 0x00000000d5c00000)
  object space 49152K, 9% used [0x0000000081400000,0x00000000818c29f8,0x0000000084400000)
 Metaspace       used 24156K, capacity 25704K, committed 25980K, reserved 1071104K
  class space    used 3058K, capacity 3362K, committed 3452K, reserved 1048576K
Event: 1.670 GC heap after
Heap after GC invocations=8 (full 1):
 PSYoungGen      total 138240K, used 4090K [0x00000000d5c00000, 0x00000000e3400000, 0x0000000100000000)
  eden space 129024K, 0% used [0x00000000d5c00000,0x00000000d5c00000,0x00000000dda00000)
  from space 9216K, 44% used [0x00000000dda00000,0x00000000dddfe868,0x00000000de300000)
  to   space 9216K, 0% used [0x00000000e2b00000,0x00000000e2b00000,0x00000000e3400000)
 ParOldGen       total 49152K, used 4882K [0x0000000081400000, 0x0000000084400000, 0x00000000d5c00000)
  object space 49152K, 9% used [0x0000000081400000,0x00000000818c49f8,0x0000000084400000)
 Metaspace       used 24156K, capacity 25704K, committed 25980K, reserved 1071104K
  class space    used 3058K, capacity 3362K, committed 3452K, reserved 1048576K
}
Event: 1.774 GC heap before
{Heap before GC invocations=9 (full 1):
 PSYoungGen      total 138240K, used 133114K [0x00000000d5c00000, 0x00000000e3400000, 0x0000000100000000)
  eden space 129024K, 100% used [0x00000000d5c00000,0x00000000dda00000,0x00000000dda00000)
  from space 9216K, 44% used [0x00000000dda00000,0x00000000dddfe868,0x00000000de300000)
  to   space 9216K, 0% used [0x00000000e2b00000,0x00000000e2b00000,0x00000000e3400000)
 ParOldGen       total 49152K, used 4882K [0x0000000081400000, 0x0000000084400000, 0x00000000d5c00000)
  object space 49152K, 9% used [0x0000000081400000,0x00000000818c49f8,0x0000000084400000)
 Metaspace       used 24463K, capacity 26030K, committed 26236K, reserved 1073152K
  class space    used 3088K, capacity 3403K, committed 3452K, reserved 1048576K
Event: 1.779 GC heap after
Heap after GC invocations=9 (full 1):
 PSYoungGen      total 211968K, used 3862K [0x00000000d5c00000, 0x00000000e4880000, 0x0000000100000000)
  eden space 202752K, 0% used [0x00000000d5c00000,0x00000000d5c00000,0x00000000e2200000)
  from space 9216K, 41% used [0x00000000e2b00000,0x00000000e2ec59b0,0x00000000e3400000)
  to   space 9216K, 0% used [0x00000000e2200000,0x00000000e2200000,0x00000000e2b00000)
 ParOldGen       total 49152K, used 4882K [0x0000000081400000, 0x0000000084400000, 0x00000000d5c00000)
  object space 49152K, 9% used [0x0000000081400000,0x00000000818c49f8,0x0000000084400000)
 Metaspace       used 24463K, capacity 26030K, committed 26236K, reserved 1073152K
  class space    used 3088K, capacity 3403K, committed 3452K, reserved 1048576K
}
Event: 2.931 GC heap before
{Heap before GC invocations=10 (full 1):
 PSYoungGen      total 211968K, used 191866K [0x00000000d5c00000, 0x00000000e4880000, 0x0000000100000000)
  eden space 202752K, 92% used [0x00000000d5c00000,0x00000000e1398ec8,0x00000000e2200000)
  from space 9216K, 41% used [0x00000000e2b00000,0x00000000e2ec59b0,0x00000000e3400000)
  to   space 9216K, 0% used [0x00000000e2200000,0x00000000e2200000,0x00000000e2b00000)
 ParOldGen       total 49152K, used 4882K [0x0000000081400000, 0x0000000084400000, 0x00000000d5c00000)
  object space 49152K, 9% used [0x0000000081400000,0x00000000818c49f8,0x0000000084400000)
 Metaspace       used 34067K, capacity 35904K, committed 36048K, reserved 1081344K
  class space    used 4430K, capacity 4776K, committed 4860K, reserved 1048576K
Event: 2.944 GC heap after
Heap after GC invocations=10 (full 1):
 PSYoungGen      total 211968K, used 9196K [0x00000000d5c00000, 0x00000000e8c80000, 0x0000000100000000)
  eden space 202752K, 0% used [0x00000000d5c00000,0x00000000d5c00000,0x00000000e2200000)
  from space 9216K, 99% used [0x00000000e2200000,0x00000000e2afb2a8,0x00000000e2b00000)
  to   space 12288K, 0% used [0x00000000e8080000,0x00000000e8080000,0x00000000e8c80000)
 ParOldGen       total 49152K, used 10396K [0x0000000081400000, 0x0000000084400000, 0x00000000d5c00000)
  object space 49152K, 21% used [0x0000000081400000,0x0000000081e27220,0x0000000084400000)
 Metaspace       used 34067K, capacity 35904K, committed 36048K, reserved 1081344K
  class space    used 4430K, capacity 4776K, committed 4860K, reserved 1048576K
}
Event: 2.944 GC heap before
{Heap before GC invocations=11 (full 2):
 PSYoungGen      total 211968K, used 9196K [0x00000000d5c00000, 0x00000000e8c80000, 0x0000000100000000)
  eden space 202752K, 0% used [0x00000000d5c00000,0x00000000d5c00000,0x00000000e2200000)
  from space 9216K, 99% used [0x00000000e2200000,0x00000000e2afb2a8,0x00000000e2b00000)
  to   space 12288K, 0% used [0x00000000e8080000,0x00000000e8080000,0x00000000e8c80000)
 ParOldGen       total 49152K, used 10396K [0x0000000081400000, 0x0000000084400000, 0x00000000d5c00000)
  object space 49152K, 21% used [0x0000000081400000,0x0000000081e27220,0x0000000084400000)
 Metaspace       used 34067K, capacity 35904K, committed 36048K, reserved 1081344K
  class space    used 4430K, capacity 4776K, committed 4860K, reserved 1048576K
Event: 3.010 GC heap after
Heap after GC invocations=11 (full 2):
 PSYoungGen      total 211968K, used 0K [0x00000000d5c00000, 0x00000000e8c80000, 0x0000000100000000)
  eden space 202752K, 0% used [0x00000000d5c00000,0x00000000d5c00000,0x00000000e2200000)
  from space 9216K, 0% used [0x00000000e2200000,0x00000000e2200000,0x00000000e2b00000)
  to   space 12288K, 0% used [0x00000000e8080000,0x00000000e8080000,0x00000000e8c80000)
 ParOldGen       total 49152K, used 18759K [0x0000000081400000, 0x0000000084400000, 0x00000000d5c00000)
  object space 49152K, 38% used [0x0000000081400000,0x0000000082651ef8,0x0000000084400000)
 Metaspace       used 34067K, capacity 35904K, committed 36048K, reserved 1081344K
  class space    used 4430K, capacity 4776K, committed 4860K, reserved 1048576K
}

